#
# A fatal error has been detected by the Java Runtime Environment:
#
#  EXCEPTION_ACCESS_VIOLATION (0xc0000005) at pc=0x0000000005b51344, pid=6740, tid=0x00000000000026a8
#
# JRE version: OpenJDK Runtime Environment (8.0_152-b01) (build 1.8.0_152-release-1343-b01)
# Java VM: OpenJDK 64-Bit Server VM (25.152-b01 mixed mode windows-amd64 compressed oops)
# Problematic frame:
# J 27954 C1 org.gradle.api.internal.artifacts.ivyservice.DefaultLenientConfiguration$2.description()Lorg/gradle/internal/operations/BuildOperationDescriptor$Builder; (62 bytes) @ 0x0000000005b51344 [0x0000000005b511c0+0x184]
#
# Failed to write core dump. Minidumps are not enabled by default on client versions of Windows
#
# If you would like to submit a bug report, please visit:
#   http://bugreport.java.com/bugreport/crash.jsp
#

---------------  T H R E A D  ---------------

Current thread (0x0000000023511800):  JavaThread "Daemon worker Thread 14" [_thread_in_Java, id=9896, stack(0x000000004d420000,0x000000004d520000)]

siginfo: ExceptionCode=0xc0000005, writing address 0xffffffffd0023652

Registers:
RAX=0x00000000e8f1b450, RBX=0x00000000da59cfe8, RCX=0x0000000000000000, RDX=0x0000000000295a00
RSP=0x000000004d51bc90, RBP=0x00000000e8bbf4e8, RSI=0x000000002005a9f0, RDI=0x00000000e8f1b468
R8 =0x00000000e8f1b430, R9 =0x00000000e8bbf528, R10=0x000000010040d7b0, R11=0x0000000000000210
R12=0x0000000000000000, R13=0x00000000e8b973a0, R14=0x00000000e8bbf470, R15=0x0000000023511800
RIP=0x0000000005b51344, EFLAGS=0x0000000000010206

Top of Stack: (sp=0x000000004d51bc90)
0x000000004d51bc90:   000000004d51bcd0 000000004d51c070
0x000000004d51bca0:   0000000002cecc94 0000000000000000
0x000000004d51bcb0:   00000000e8f1b2f8 00000000e8f11f20
0x000000004d51bcc0:   00000000e8f0c348 00000000e8f0b780
0x000000004d51bcd0:   00000000e8e12330 00000000e8e13dc0
0x000000004d51bce0:   00000000e8e13dd8 00000000e8e13d90
0x000000004d51bcf0:   00000000e8f0c348 000000001dfd8d30
0x000000004d51bd00:   0000000023511800 00000000277808f0
0x000000004d51bd10:   000000004d51c070 00000000e8f1b430
0x000000004d51bd20:   000000004d51bf40 0000000000000004
0x000000004d51bd30:   0000000023511800 000000001f83ef80
0x000000004d51bd40:   00000000e8f0cb58 000000000331a260
0x000000004d51bd50:   00000000a07afdc8 0000000100000000
0x000000004d51bd60:   00000000e8bbf4e8 00000000065f3a34
0x000000004d51bd70:   00000000e8f1b3d0 0000000000000000
0x000000004d51bd80:   000000001e101f88 0000000000000000 

Instructions: (pc=0x0000000005b51344)
0x0000000005b51324:   00 00 48 bb 80 04 87 15 00 00 00 00 81 e2 f8 ff
0x0000000005b51334:   7f 00 83 fa 00 0f 84 b9 0c 00 00 bb e8 cf 59 da
0x0000000005b51344:   20 8a 52 dc d8 cf 5a da 00 00 4c 8b d8 48 63 db
0x0000000005b51354:   48 8b fb 48 81 fb ff ff ff 00 0f 87 ab 0c 00 00 


Register to memory mapping:

RAX=0x00000000e8f1b450 is an oop
java.lang.StringBuilder 
 - klass: 'java/lang/StringBuilder'
RBX=0x00000000da59cfe8 is an unallocated location in the heap
RCX=0x0000000000000000 is an unknown value
RDX=0x0000000000295a00 is an unknown value
RSP=0x000000004d51bc90 is pointing into the stack for thread: 0x0000000023511800
RBP=0x00000000e8bbf4e8 is an oop
org.gradle.internal.operations.DefaultBuildOperationExecutor 
 - klass: 'org/gradle/internal/operations/DefaultBuildOperationExecutor'
RSI={method} {0x000000002005a9f8} 'description' '()Lorg/gradle/internal/operations/BuildOperationDescriptor$Builder;' in 'org/gradle/api/internal/artifacts/ivyservice/DefaultLenientConfiguration$2'
RDI=0x00000000e8f1b468 is an oop

[error occurred during error reporting (printing register info), id 0xc0000005]

Stack: [0x000000004d420000,0x000000004d520000],  sp=0x000000004d51bc90,  free space=1007k
Native frames: (J=compiled Java code, j=interpreted, Vv=VM code, C=native code)
C  0x0000000005b51344


---------------  P R O C E S S  ---------------

Java Threads: ( => current thread )
  0x000000002351c000 JavaThread "Cache worker for cache directory md-rule (C:\Users\putrialutfi\.gradle\caches\5.1.1\md-rule)" [_thread_blocked, id=9128, stack(0x000000004da20000,0x000000004db20000)]
  0x000000002351b800 JavaThread "Cache worker for cache directory md-supplier (C:\Users\putrialutfi\.gradle\caches\5.1.1\md-supplier)" [_thread_blocked, id=9200, stack(0x000000004d920000,0x000000004da20000)]
  0x0000000023512800 JavaThread "Cache worker for file hash cache (E:\Kampus\AS\MaterialDesign\.gradle\5.1.1\fileHashes)" [_thread_blocked, id=10412, stack(0x000000004d820000,0x000000004d920000)]
  0x0000000023519000 JavaThread "Thread-356" [_thread_blocked, id=4480, stack(0x000000004d720000,0x000000004d820000)]
  0x0000000023518800 JavaThread "Stdin handler" [_thread_blocked, id=12204, stack(0x000000004d620000,0x000000004d720000)]
  0x0000000023517800 JavaThread "Asynchronous log dispatcher for DefaultDaemonConnection: socket connection from /127.0.0.1:52591 to /127.0.0.1:56942" [_thread_blocked, id=8356, stack(0x000000004d520000,0x000000004d620000)]
=>0x0000000023511800 JavaThread "Daemon worker Thread 14" [_thread_in_Java, id=9896, stack(0x000000004d420000,0x000000004d520000)]
  0x0000000023514800 JavaThread "Cancel handler" [_thread_blocked, id=2624, stack(0x000000004d320000,0x000000004d420000)]
  0x0000000023513000 JavaThread "Handler for socket connection from /127.0.0.1:52591 to /127.0.0.1:56942" [_thread_in_native, id=7928, stack(0x000000004d220000,0x000000004d320000)]
  0x0000000023514000 JavaThread "Daemon Thread 14" [_thread_blocked, id=11044, stack(0x000000004d120000,0x000000004d220000)]
  0x000000001a072000 JavaThread "Cache worker for Java compile cache (C:\Users\putrialutfi\.gradle\caches\5.1.1\javaCompile)" [_thread_blocked, id=9772, stack(0x0000000026950000,0x0000000026a50000)]
  0x000000001a374800 JavaThread "Cache worker for file content cache (C:\Users\putrialutfi\.gradle\caches\5.1.1\fileContent)" [_thread_blocked, id=8780, stack(0x0000000025950000,0x0000000025a50000)]
  0x000000001a36c800 JavaThread "Memory manager" [_thread_blocked, id=1692, stack(0x00000000228e0000,0x00000000229e0000)]
  0x00000000191de000 JavaThread "Cache worker for execution history cache (C:\Users\putrialutfi\.gradle\caches\5.1.1\executionHistory)" [_thread_blocked, id=9204, stack(0x000000001feb0000,0x000000001ffb0000)]
  0x00000000191db000 JavaThread "Cache worker for journal cache (C:\Users\putrialutfi\.gradle\caches\journal-1)" [_thread_blocked, id=11124, stack(0x000000001bcc0000,0x000000001bdc0000)]
  0x00000000191dc800 JavaThread "File lock request listener" [_thread_in_native, id=6784, stack(0x000000001bbc0000,0x000000001bcc0000)]
  0x0000000017cc5000 JavaThread "Cache worker for file hash cache (C:\Users\putrialutfi\.gradle\caches\5.1.1\fileHashes)" [_thread_blocked, id=5784, stack(0x000000001bac0000,0x000000001bbc0000)]
  0x00000000192be000 JavaThread "Daemon periodic checks" [_thread_blocked, id=8932, stack(0x000000001b0c0000,0x000000001b1c0000)]
  0x00000000190fa000 JavaThread "Incoming local TCP Connector on port 52591" [_thread_in_native, id=10944, stack(0x0000000019940000,0x0000000019a40000)]
  0x000000001626d000 JavaThread "Service Thread" daemon [_thread_blocked, id=12012, stack(0x0000000017f70000,0x0000000018070000)]
  0x0000000016218000 JavaThread "C1 CompilerThread2" daemon [_thread_blocked, id=5364, stack(0x0000000017a70000,0x0000000017b70000)]
  0x0000000016211000 JavaThread "C2 CompilerThread1" daemon [_thread_blocked, id=8072, stack(0x0000000017970000,0x0000000017a70000)]
  0x000000001620d800 JavaThread "C2 CompilerThread0" daemon [_thread_blocked, id=6676, stack(0x0000000017870000,0x0000000017970000)]
  0x000000001620b800 JavaThread "Attach Listener" daemon [_thread_blocked, id=11260, stack(0x0000000017770000,0x0000000017870000)]
  0x000000001620a800 JavaThread "Signal Dispatcher" daemon [_thread_blocked, id=6556, stack(0x0000000017670000,0x0000000017770000)]
  0x00000000161f9800 JavaThread "Finalizer" daemon [_thread_blocked, id=8108, stack(0x0000000017470000,0x0000000017570000)]
  0x0000000002800800 JavaThread "Reference Handler" daemon [_thread_blocked, id=10224, stack(0x0000000017370000,0x0000000017470000)]
  0x000000000285e000 JavaThread "main" [_thread_blocked, id=744, stack(0x0000000000e40000,0x0000000000f40000)]

Other Threads:
  0x00000000161d6000 VMThread [stack: 0x0000000017270000,0x0000000017370000] [id=5168]
  0x000000001626d800 WatcherThread [stack: 0x0000000018070000,0x0000000018170000] [id=3256]

VM state:not at safepoint (normal execution)

VM Mutex/Monitor currently owned by a thread: None

Heap:
 PSYoungGen      total 473088K, used 159852K [0x00000000e0000000, 0x00000000ffd00000, 0x0000000100000000)
  eden space 428032K, 34% used [0x00000000e0000000,0x00000000e8f6b3a8,0x00000000fa200000)
  from space 45056K, 28% used [0x00000000fd100000,0x00000000fddafdd8,0x00000000ffd00000)
  to   space 46592K, 0% used [0x00000000fa200000,0x00000000fa200000,0x00000000fcf80000)
 ParOldGen       total 181248K, used 105118K [0x00000000a0000000, 0x00000000ab100000, 0x00000000e0000000)
  object space 181248K, 57% used [0x00000000a0000000,0x00000000a66a78d0,0x00000000ab100000)
 Metaspace       used 106609K, capacity 113108K, committed 113280K, reserved 1148928K
  class space    used 13108K, capacity 14167K, committed 14208K, reserved 1048576K

Card table byte_map: [0x0000000011c60000,0x0000000011f70000] byte_map_base: 0x0000000011760000

Marking Bits: (ParMarkBitMap*) 0x000000005bc55aa0
 Begin Bits: [0x0000000012570000, 0x0000000013d70000)
 End Bits:   [0x0000000013d70000, 0x0000000015570000)

Polling page: 0x0000000000d20000

CodeCache: size=245760Kb used=85075Kb max_used=85134Kb free=160684Kb
 bounds [0x00000000028a0000, 0x0000000007c70000, 0x00000000118a0000]
 total_blobs=24043 nmethods=23100 adapters=852
 compilation: enabled

Compilation events (10 events):
Event: 7835.646 Thread 0x000000001620d800 31520       4       java.lang.reflect.Method::getGenericInfo (27 bytes)
Event: 7835.653 Thread 0x0000000016218000 31521       1       org.codehaus.groovy.runtime.callsite.AbstractCallSite::getName (5 bytes)
Event: 7835.654 Thread 0x0000000016218000 nmethod 31521 0x000000000670c450 code [0x000000000670c5a0, 0x000000000670c6b0]
Event: 7835.655 Thread 0x000000001620d800 nmethod 31520 0x0000000005abf290 code [0x0000000005abf420, 0x0000000005abf8a8]
Event: 7835.680 Thread 0x0000000016218000 31522       1       org.gradle.cache.internal.DefaultCacheRepository::access$000 (5 bytes)
Event: 7835.681 Thread 0x0000000016218000 nmethod 31522 0x0000000004702850 code [0x00000000047029a0, 0x0000000004702a90]
Event: 7835.682 Thread 0x0000000016218000 31523       3       org.gradle.cache.internal.DefaultCacheAccess::newCache (6 bytes)
Event: 7835.683 Thread 0x0000000016218000 nmethod 31523 0x0000000005569390 code [0x0000000005569500, 0x00000000055696a8]
Event: 7835.683 Thread 0x0000000016218000 31524   !   3       org.gradle.cache.internal.DefaultCacheAccess::newCache (257 bytes)
Event: 7835.690 Thread 0x0000000016218000 nmethod 31524 0x0000000003c1a150 code [0x0000000003c1a520, 0x0000000003c1c728]

GC Heap History (10 events):
Event: 3756.944 GC heap before
{Heap before GC invocations=58 (full 4):
 PSYoungGen      total 398336K, used 376248K [0x00000000e0000000, 0x00000000fed00000, 0x0000000100000000)
  eden space 345600K, 99% used [0x00000000e0000000,0x00000000f5177808,0x00000000f5180000)
  from space 52736K, 58% used [0x00000000f5180000,0x00000000f6f76978,0x00000000f8500000)
  to   space 52224K, 0% used [0x00000000fba00000,0x00000000fba00000,0x00000000fed00000)
 ParOldGen       total 181248K, used 91229K [0x00000000a0000000, 0x00000000ab100000, 0x00000000e0000000)
  object space 181248K, 50% used [0x00000000a0000000,0x00000000a5917708,0x00000000ab100000)
 Metaspace       used 105348K, capacity 110796K, committed 110976K, reserved 1146880K
  class space    used 12937K, capacity 13859K, committed 13952K, reserved 1048576K
Event: 3757.068 GC heap after
Heap after GC invocations=58 (full 4):
 PSYoungGen      total 443392K, used 25029K [0x00000000e0000000, 0x00000000fe680000, 0x0000000100000000)
  eden space 397824K, 0% used [0x00000000e0000000,0x00000000e0000000,0x00000000f8480000)
  from space 45568K, 54% used [0x00000000fba00000,0x00000000fd2717b0,0x00000000fe680000)
  to   space 50176K, 0% used [0x00000000f8480000,0x00000000f8480000,0x00000000fb580000)
 ParOldGen       total 181248K, used 92561K [0x00000000a0000000, 0x00000000ab100000, 0x00000000e0000000)
  object space 181248K, 51% used [0x00000000a0000000,0x00000000a5a64718,0x00000000ab100000)
 Metaspace       used 105348K, capacity 110796K, committed 110976K, reserved 1146880K
  class space    used 12937K, capacity 13859K, committed 13952K, reserved 1048576K
}
Event: 3783.824 GC heap before
{Heap before GC invocations=59 (full 4):
 PSYoungGen      total 443392K, used 422853K [0x00000000e0000000, 0x00000000fe680000, 0x0000000100000000)
  eden space 397824K, 100% used [0x00000000e0000000,0x00000000f8480000,0x00000000f8480000)
  from space 45568K, 54% used [0x00000000fba00000,0x00000000fd2717b0,0x00000000fe680000)
  to   space 50176K, 0% used [0x00000000f8480000,0x00000000f8480000,0x00000000fb580000)
 ParOldGen       total 181248K, used 92561K [0x00000000a0000000, 0x00000000ab100000, 0x00000000e0000000)
  object space 181248K, 51% used [0x00000000a0000000,0x00000000a5a64718,0x00000000ab100000)
 Metaspace       used 105466K, capacity 110960K, committed 111232K, reserved 1146880K
  class space    used 12947K, capacity 13875K, committed 13952K, reserved 1048576K
Event: 3783.903 GC heap after
Heap after GC invocations=59 (full 4):
 PSYoungGen      total 448000K, used 14128K [0x00000000e0000000, 0x0000000100000000, 0x0000000100000000)
  eden space 397824K, 0% used [0x00000000e0000000,0x00000000e0000000,0x00000000f8480000)
  from space 50176K, 28% used [0x00000000f8480000,0x00000000f924c090,0x00000000fb580000)
  to   space 49152K, 0% used [0x00000000fd000000,0x00000000fd000000,0x0000000100000000)
 ParOldGen       total 181248K, used 94913K [0x00000000a0000000, 0x00000000ab100000, 0x00000000e0000000)
  object space 181248K, 52% used [0x00000000a0000000,0x00000000a5cb0758,0x00000000ab100000)
 Metaspace       used 105466K, capacity 110960K, committed 111232K, reserved 1146880K
  class space    used 12947K, capacity 13875K, committed 13952K, reserved 1048576K
}
Event: 3822.930 GC heap before
{Heap before GC invocations=60 (full 4):
 PSYoungGen      total 448000K, used 411952K [0x00000000e0000000, 0x0000000100000000, 0x0000000100000000)
  eden space 397824K, 100% used [0x00000000e0000000,0x00000000f8480000,0x00000000f8480000)
  from space 50176K, 28% used [0x00000000f8480000,0x00000000f924c090,0x00000000fb580000)
  to   space 49152K, 0% used [0x00000000fd000000,0x00000000fd000000,0x0000000100000000)
 ParOldGen       total 181248K, used 94913K [0x00000000a0000000, 0x00000000ab100000, 0x00000000e0000000)
  object space 181248K, 52% used [0x00000000a0000000,0x00000000a5cb0758,0x00000000ab100000)
 Metaspace       used 105557K, capacity 111094K, committed 111232K, reserved 1146880K
  class space    used 12948K, capacity 13876K, committed 13952K, reserved 1048576K
Event: 3823.028 GC heap after
Heap after GC invocations=60 (full 4):
 PSYoungGen      total 472064K, used 9706K [0x00000000e0000000, 0x00000000ffe00000, 0x0000000100000000)
  eden space 424960K, 0% used [0x00000000e0000000,0x00000000e0000000,0x00000000f9f00000)
  from space 47104K, 20% used [0x00000000fd000000,0x00000000fd97a848,0x00000000ffe00000)
  to   space 48640K, 0% used [0x00000000f9f00000,0x00000000f9f00000,0x00000000fce80000)
 ParOldGen       total 181248K, used 103994K [0x00000000a0000000, 0x00000000ab100000, 0x00000000e0000000)
  object space 181248K, 57% used [0x00000000a0000000,0x00000000a658e9a8,0x00000000ab100000)
 Metaspace       used 105557K, capacity 111094K, committed 111232K, reserved 1146880K
  class space    used 12948K, capacity 13876K, committed 13952K, reserved 1048576K
}
Event: 3837.213 GC heap before
{Heap before GC invocations=61 (full 4):
 PSYoungGen      total 472064K, used 434666K [0x00000000e0000000, 0x00000000ffe00000, 0x0000000100000000)
  eden space 424960K, 100% used [0x00000000e0000000,0x00000000f9f00000,0x00000000f9f00000)
  from space 47104K, 20% used [0x00000000fd000000,0x00000000fd97a848,0x00000000ffe00000)
  to   space 48640K, 0% used [0x00000000f9f00000,0x00000000f9f00000,0x00000000fce80000)
 ParOldGen       total 181248K, used 103994K [0x00000000a0000000, 0x00000000ab100000, 0x00000000e0000000)
  object space 181248K, 57% used [0x00000000a0000000,0x00000000a658e9a8,0x00000000ab100000)
 Metaspace       used 105629K, capacity 111166K, committed 111488K, reserved 1146880K
  class space    used 12948K, capacity 13876K, committed 13952K, reserved 1048576K
Event: 3837.242 GC heap after
Heap after GC invocations=61 (full 4):
 PSYoungGen      total 473600K, used 12796K [0x00000000e0000000, 0x00000000fff80000, 0x0000000100000000)
  eden space 424960K, 0% used [0x00000000e0000000,0x00000000e0000000,0x00000000f9f00000)
  from space 48640K, 26% used [0x00000000f9f00000,0x00000000fab7f090,0x00000000fce80000)
  to   space 47616K, 0% used [0x00000000fd100000,0x00000000fd100000,0x00000000fff80000)
 ParOldGen       total 181248K, used 104206K [0x00000000a0000000, 0x00000000ab100000, 0x00000000e0000000)
  object space 181248K, 57% used [0x00000000a0000000,0x00000000a65c39f8,0x00000000ab100000)
 Metaspace       used 105629K, capacity 111166K, committed 111488K, reserved 1146880K
  class space    used 12948K, capacity 13876K, committed 13952K, reserved 1048576K
}
Event: 4446.171 GC heap before
{Heap before GC invocations=62 (full 4):
 PSYoungGen      total 473600K, used 437756K [0x00000000e0000000, 0x00000000fff80000, 0x0000000100000000)
  eden space 424960K, 100% used [0x00000000e0000000,0x00000000f9f00000,0x00000000f9f00000)
  from space 48640K, 26% used [0x00000000f9f00000,0x00000000fab7f090,0x00000000fce80000)
  to   space 47616K, 0% used [0x00000000fd100000,0x00000000fd100000,0x00000000fff80000)
 ParOldGen       total 181248K, used 104206K [0x00000000a0000000, 0x00000000ab100000, 0x00000000e0000000)
  object space 181248K, 57% used [0x00000000a0000000,0x00000000a65c39f8,0x00000000ab100000)
 Metaspace       used 106546K, capacity 113076K, committed 113280K, reserved 1148928K
  class space    used 13102K, capacity 14161K, committed 14208K, reserved 1048576K
Event: 4446.217 GC heap after
Heap after GC invocations=62 (full 4):
 PSYoungGen      total 473088K, used 12991K [0x00000000e0000000, 0x00000000ffd00000, 0x0000000100000000)
  eden space 428032K, 0% used [0x00000000e0000000,0x00000000e0000000,0x00000000fa200000)
  from space 45056K, 28% used [0x00000000fd100000,0x00000000fddafdd8,0x00000000ffd00000)
  to   space 46592K, 0% used [0x00000000fa200000,0x00000000fa200000,0x00000000fcf80000)
 ParOldGen       total 181248K, used 105118K [0x00000000a0000000, 0x00000000ab100000, 0x00000000e0000000)
  object space 181248K, 57% used [0x00000000a0000000,0x00000000a66a78d0,0x00000000ab100000)
 Metaspace       used 106546K, capacity 113076K, committed 113280K, reserved 1148928K
  class space    used 13102K, capacity 14161K, committed 14208K, reserved 1048576K
}

Deoptimization events (10 events):
Event: 3890.054 Thread 0x0000000023514800 Uncommon trap: reason=null_check action=make_not_entrant pc=0x000000000625061c method=java.lang.ThreadLocal$ThreadLocalMap.getEntryAfterMiss(Ljava/lang/ThreadLocal;ILjava/lang/ThreadLocal$ThreadLocalMap$Entry;)Ljava/lang/ThreadLocal$ThreadLocalMap$Entry; 
Event: 3890.055 Thread 0x0000000023514800 Uncommon trap: reason=null_check action=make_not_entrant pc=0x0000000004e89280 method=java.lang.ThreadLocal$ThreadLocalMap.getEntryAfterMiss(Ljava/lang/ThreadLocal;ILjava/lang/ThreadLocal$ThreadLocalMap$Entry;)Ljava/lang/ThreadLocal$ThreadLocalMap$Entry; 
Event: 3892.452 Thread 0x0000000023514800 Uncommon trap: reason=array_check action=maybe_recompile pc=0x0000000007324798 method=java.util.ComparableTimSort.mergeLo(IIII)V @ 587
Event: 3892.457 Thread 0x0000000023514800 Uncommon trap: reason=array_check action=maybe_recompile pc=0x0000000007324798 method=java.util.ComparableTimSort.mergeLo(IIII)V @ 587
Event: 4355.284 Thread 0x00000000192be000 Uncommon trap: reason=unstable_if action=reinterpret pc=0x0000000003c1b6ec method=java.text.DecimalFormat.format(JLjava/lang/StringBuffer;Ljava/text/Format$FieldDelegate;)Ljava/lang/StringBuffer; @ 136
Event: 4355.286 Thread 0x00000000192be000 Uncommon trap: reason=unstable_if action=reinterpret pc=0x0000000005051484 method=java.text.DigitList.isZero()Z @ 7
Event: 4368.217 Thread 0x000000001a36d800 Uncommon trap: reason=array_check action=maybe_recompile pc=0x00000000079209e0 method=java.util.ComparableTimSort.mergeLo(IIII)V @ 587
Event: 4368.983 Thread 0x000000001f746000 Uncommon trap: reason=unstable_if action=reinterpret pc=0x0000000004913cdc method=java.util.concurrent.locks.LockSupport.unpark(Ljava/lang/Thread;)V @ 1
Event: 4446.881 Thread 0x000000001f74b800 Uncommon trap: reason=null_check action=make_not_entrant pc=0x0000000005b460d8 method=org.gradle.api.internal.tasks.properties.bean.AbstractNestedRuntimeBeanNode$DefaultPropertyValue.maybeFinalizeValue()V @ 9
Event: 7541.279 Thread 0x000000001a36c800 Uncommon trap: reason=unstable_if action=reinterpret pc=0x000000000398cc28 method=java.text.DecimalFormat.format(JLjava/lang/StringBuffer;Ljava/text/Format$FieldDelegate;)Ljava/lang/StringBuffer; @ 136

Classes redefined (0 events):
No events

Internal exceptions (10 events):
Event: 4370.073 Thread 0x000000001f747800 Exception <a 'sun/nio/fs/WindowsException'> (0x00000000f51dd150) thrown at [D:\src\AOSP-openjdk-cygwin\jdk8u\hotspot\src\share\vm\prims\jni.cpp, line 709]
Event: 4370.381 Thread 0x000000001f741800 Exception <a 'sun/nio/fs/WindowsException'> (0x00000000f5788d40) thrown at [D:\src\AOSP-openjdk-cygwin\jdk8u\hotspot\src\share\vm\prims\jni.cpp, line 709]
Event: 4370.424 Thread 0x000000001f749000 Exception <a 'sun/nio/fs/WindowsException'> (0x00000000f5ee6480) thrown at [D:\src\AOSP-openjdk-cygwin\jdk8u\hotspot\src\share\vm\prims\jni.cpp, line 709]
Event: 4445.161 Thread 0x000000001f745800 Exception <a 'sun/nio/fs/WindowsException'> (0x00000000f76c6690) thrown at [D:\src\AOSP-openjdk-cygwin\jdk8u\hotspot\src\share\vm\prims\jni.cpp, line 709]
Event: 4448.712 Thread 0x0000000023511800 Exception <a 'sun/nio/fs/WindowsException'> (0x00000000e468fd98) thrown at [D:\src\AOSP-openjdk-cygwin\jdk8u\hotspot\src\share\vm\prims\jni.cpp, line 709]
Event: 4448.928 Thread 0x0000000023511800 Exception <a 'sun/nio/fs/WindowsException'> (0x00000000e5976120) thrown at [D:\src\AOSP-openjdk-cygwin\jdk8u\hotspot\src\share\vm\prims\jni.cpp, line 709]
Event: 4449.313 Thread 0x0000000023519000 Exception <a 'sun/nio/fs/WindowsException'> (0x00000000e5f27b58) thrown at [D:\src\AOSP-openjdk-cygwin\jdk8u\hotspot\src\share\vm\prims\jni.cpp, line 709]
Event: 4449.377 Thread 0x0000000023513000 Exception <a 'sun/nio/fs/WindowsException'> (0x00000000e6761268) thrown at [D:\src\AOSP-openjdk-cygwin\jdk8u\hotspot\src\share\vm\prims\jni.cpp, line 709]
Event: 7835.643 Thread 0x0000000023511800 Exception <a 'java/lang/ClassNotFoundException': sync_java_lib2_4d03ay5rjite58z4ctu63l4ziBeanInfo> (0x00000000e8ddfe58) thrown at [D:\src\AOSP-openjdk-cygwin\jdk8u\hotspot\src\share\vm\classfile\systemDictionary.cpp, line 210]
Event: 7835.644 Thread 0x0000000023511800 Exception <a 'java/lang/ClassNotFoundException': sync_java_lib2_4d03ay5rjite58z4ctu63l4ziCustomizer> (0x00000000e8dec260) thrown at [D:\src\AOSP-openjdk-cygwin\jdk8u\hotspot\src\share\vm\classfile\systemDictionary.cpp, line 210]

Events (10 events):
Event: 7835.652 loading class groovy/lang/Closure
Event: 7835.652 loading class groovy/lang/Closure done
Event: 7835.652 loading class groovy/runtime/metaclass/sync_java_lib2_4d03ay5rjite58z4ctu63l4zi$_run_closure1MetaClass
Event: 7835.652 loading class groovy/runtime/metaclass/sync_java_lib2_4d03ay5rjite58z4ctu63l4zi$_run_closure1MetaClass done
Event: 7835.676 loading class groovy/runtime/metaclass/sync_java_lib2_4d03ay5rjite58z4ctu63l4zi$_run_closure1$_closure2MetaClass
Event: 7835.676 loading class groovy/runtime/metaclass/sync_java_lib2_4d03ay5rjite58z4ctu63l4zi$_run_closure1$_closure2MetaClass done
Event: 7835.683 Thread 0x000000002351b800 Thread added: 0x000000002351b800
Event: 7835.689 Thread 0x000000002351c000 Thread added: 0x000000002351c000
Event: 7835.692 loading class org/codehaus/groovy/runtime/ScriptBytecodeAdapter
Event: 7835.692 loading class org/codehaus/groovy/runtime/ScriptBytecodeAdapter done


Dynamic libraries:
0x00007ff7d8460000 - 0x00007ff7d8491000 	C:\Program Files\Android\Android Studio\jre\bin\java.exe
0x00007ff91f440000 - 0x00007ff91f62d000 	C:\WINDOWS\SYSTEM32\ntdll.dll
0x00007ff8fe1b0000 - 0x00007ff8fe1c2000 	C:\Program Files\AVAST Software\Avast\aswhook.dll
0x00007ff91ea70000 - 0x00007ff91eb23000 	C:\WINDOWS\System32\KERNEL32.DLL
0x00007ff91bb50000 - 0x00007ff91bde3000 	C:\WINDOWS\System32\KERNELBASE.dll
0x00007ff91e0d0000 - 0x00007ff91e173000 	C:\WINDOWS\System32\ADVAPI32.dll
0x00007ff91c710000 - 0x00007ff91c7ae000 	C:\WINDOWS\System32\msvcrt.dll
0x00007ff91e5f0000 - 0x00007ff91e68e000 	C:\WINDOWS\System32\sechost.dll
0x00007ff91e690000 - 0x00007ff91e7b3000 	C:\WINDOWS\System32\RPCRT4.dll
0x00007ff91e7c0000 - 0x00007ff91e957000 	C:\WINDOWS\System32\USER32.dll
0x00007ff91b760000 - 0x00007ff91b780000 	C:\WINDOWS\System32\win32u.dll
0x00007ff91e4f0000 - 0x00007ff91e519000 	C:\WINDOWS\System32\GDI32.dll
0x00007ff91b5c0000 - 0x00007ff91b75a000 	C:\WINDOWS\System32\gdi32full.dll
0x00007ff91c650000 - 0x00007ff91c6f0000 	C:\WINDOWS\System32\msvcp_win.dll
0x00007ff91b780000 - 0x00007ff91b87c000 	C:\WINDOWS\System32\ucrtbase.dll
0x00007ff906340000 - 0x00007ff9065b9000 	C:\WINDOWS\WinSxS\amd64_microsoft.windows.common-controls_6595b64144ccf1df_6.0.17763.107_none_05b63884071e656e\COMCTL32.dll
0x00007ff91efb0000 - 0x00007ff91f2de000 	C:\WINDOWS\System32\combase.dll
0x00007ff91bab0000 - 0x00007ff91bb2e000 	C:\WINDOWS\System32\bcryptPrimitives.dll
0x00007ff91c7b0000 - 0x00007ff91c7de000 	C:\WINDOWS\System32\IMM32.DLL
0x000000005b010000 - 0x000000005b0e2000 	C:\Program Files\Android\Android Studio\jre\jre\bin\msvcr100.dll
0x000000005b490000 - 0x000000005bcd1000 	C:\Program Files\Android\Android Studio\jre\jre\bin\server\jvm.dll
0x00007ff91dda0000 - 0x00007ff91dda8000 	C:\WINDOWS\System32\PSAPI.DLL
0x00007ff91a090000 - 0x00007ff91a099000 	C:\WINDOWS\SYSTEM32\WSOCK32.dll
0x00007ff91e260000 - 0x00007ff91e2cd000 	C:\WINDOWS\System32\WS2_32.dll
0x00007ff919900000 - 0x00007ff919924000 	C:\WINDOWS\SYSTEM32\WINMM.dll
0x00007ff913f20000 - 0x00007ff913f2a000 	C:\WINDOWS\SYSTEM32\VERSION.dll
0x00007ff9198d0000 - 0x00007ff9198fd000 	C:\WINDOWS\SYSTEM32\WINMMBASE.dll
0x00007ff91b880000 - 0x00007ff91b8ca000 	C:\WINDOWS\System32\cfgmgr32.dll
0x00007ff919890000 - 0x00007ff91989f000 	C:\Program Files\Android\Android Studio\jre\jre\bin\verify.dll
0x00007ff911670000 - 0x00007ff911699000 	C:\Program Files\Android\Android Studio\jre\jre\bin\java.dll
0x00007ff919870000 - 0x00007ff919886000 	C:\Program Files\Android\Android Studio\jre\jre\bin\zip.dll
0x00007ff91c7e0000 - 0x00007ff91dccf000 	C:\WINDOWS\System32\SHELL32.dll
0x00007ff91e960000 - 0x00007ff91ea08000 	C:\WINDOWS\System32\shcore.dll
0x00007ff91bea0000 - 0x00007ff91c5e8000 	C:\WINDOWS\System32\windows.storage.dll
0x00007ff91b560000 - 0x00007ff91b584000 	C:\WINDOWS\System32\profapi.dll
0x00007ff91b4e0000 - 0x00007ff91b53d000 	C:\WINDOWS\System32\powrprof.dll
0x00007ff91e490000 - 0x00007ff91e4e2000 	C:\WINDOWS\System32\shlwapi.dll
0x00007ff91b4c0000 - 0x00007ff91b4d1000 	C:\WINDOWS\System32\kernel.appcore.dll
0x00007ff91bb30000 - 0x00007ff91bb47000 	C:\WINDOWS\System32\cryptsp.dll
0x00007ff909b00000 - 0x00007ff909b1a000 	C:\Program Files\Android\Android Studio\jre\jre\bin\net.dll
0x00007ff91acf0000 - 0x00007ff91ad57000 	C:\WINDOWS\system32\mswsock.dll
0x00007ff909ae0000 - 0x00007ff909af1000 	C:\Program Files\Android\Android Studio\jre\jre\bin\nio.dll
0x00007ff902c90000 - 0x00007ff902cae000 	C:\Users\putrialutfi\.gradle\native\25\windows-amd64\native-platform.dll
0x00007ff9149a0000 - 0x00007ff9149ad000 	C:\Program Files\Android\Android Studio\jre\jre\bin\management.dll
0x00007ff91a8b0000 - 0x00007ff91a8e3000 	C:\WINDOWS\system32\rsaenh.dll
0x00007ff91b590000 - 0x00007ff91b5b6000 	C:\WINDOWS\System32\bcrypt.dll
0x00007ff91b3c0000 - 0x00007ff91b3e8000 	C:\WINDOWS\SYSTEM32\USERENV.dll
0x00007ff91aec0000 - 0x00007ff91aecc000 	C:\WINDOWS\SYSTEM32\CRYPTBASE.dll
0x00007ff91aa50000 - 0x00007ff91aa8d000 	C:\WINDOWS\SYSTEM32\IPHLPAPI.DLL
0x00007ff91dcd0000 - 0x00007ff91dcd8000 	C:\WINDOWS\System32\NSI.dll
0x00007ff90eca0000 - 0x00007ff90ecb6000 	C:\WINDOWS\SYSTEM32\dhcpcsvc6.DLL
0x00007ff9102d0000 - 0x00007ff9102ec000 	C:\WINDOWS\SYSTEM32\dhcpcsvc.DLL
0x00007ff91aaa0000 - 0x00007ff91ab66000 	C:\WINDOWS\SYSTEM32\DNSAPI.dll
0x00007ff8e7f30000 - 0x00007ff8e7f54000 	C:\Program Files\Android\Android Studio\jre\jre\bin\sunec.dll
0x00007ff90c7d0000 - 0x00007ff90c7da000 	C:\Windows\System32\rasadhlp.dll
0x00007ff90cc50000 - 0x00007ff90ccc9000 	C:\WINDOWS\System32\fwpuclnt.dll
0x00007ff9198b0000 - 0x00007ff9198bb000 	C:\Program Files\Android\Android Studio\jre\jre\bin\sunmscapi.dll
0x00007ff91b8d0000 - 0x00007ff91baab000 	C:\WINDOWS\System32\CRYPT32.dll
0x00007ff91b540000 - 0x00007ff91b552000 	C:\WINDOWS\System32\MSASN1.dll
0x00007ff91a690000 - 0x00007ff91a6c1000 	C:\WINDOWS\SYSTEM32\ntmarta.dll
0x00007ff919e70000 - 0x00007ff91a05d000 	C:\WINDOWS\SYSTEM32\dbghelp.dll

VM Arguments:
jvm_args: -Xmx1536m -Dfile.encoding=windows-1252 -Duser.country=US -Duser.language=en -Duser.variant 
java_command: org.gradle.launcher.daemon.bootstrap.GradleDaemon 5.1.1
java_class_path (initial): C:\Users\putrialutfi\.gradle\wrapper\dists\gradle-5.1.1-all\97z1ksx6lirer3kbvdnh7jtjg\gradle-5.1.1\lib\gradle-launcher-5.1.1.jar
Launcher Type: SUN_STANDARD

Environment Variables:
JAVA_HOME=C:\Program Files (x86)\Java\jdk1.8.0_131
PATH=C:\ProgramData\Oracle\Java\javapath;C:\WINDOWS\system32;C:\WINDOWS;C:\WINDOWS\System32\Wbem;C:\WINDOWS\System32\WindowsPowerShell\v1.0\;C:\Program Files\MATLAB\R2013a\runtime\win64;C:\Program Files\MATLAB\R2013a\bin;C:\Program Files (x86)\Java\jdk1.8.0_131\bin;C:\Program Files\nodejs\;C:\wamp64\bin\php\php7.3.1;C:\ProgramData\ComposerSetup\bin;C:\Program Files\Git\cmd;C:\WINDOWS\System32\OpenSSH\;C:\Users\putrialutfi\AppData\Local\Microsoft\WindowsApps;C:\Users\putrialutfi\AppData\Local\atom\bin;C:\Users\putrialutfi\AppData\Roaming\npm;C:\Users\putrialutfi\AppData\Roaming\Composer\vendor\bin;C:\Users\putrialutfi\AppData\Local\Microsoft\WindowsApps;
USERNAME=putrialutfi
OS=Windows_NT
PROCESSOR_IDENTIFIER=Intel64 Family 6 Model 69 Stepping 1, GenuineIntel



---------------  S Y S T E M  ---------------

OS: Windows 10.0 , 64 bit Build 17763 (10.0.17763.1)

CPU:total 4 (initial active 4) (2 cores per cpu, 2 threads per core) family 6 model 69 stepping 1, cmov, cx8, fxsr, mmx, sse, sse2, sse3, ssse3, sse4.1, sse4.2, popcnt, avx, avx2, aes, clmul, erms, lzcnt, ht, tsc, tscinvbit, bmi1, bmi2

Memory: 4k page, physical 6172060k(804536k free), swap 10369968k(1990044k free)

vm_info: OpenJDK 64-Bit Server VM (25.152-b01) for windows-amd64 JRE (1.8.0_152-release-1343-b01), built by "builder" with MS VC++ 10.0 (VS2010)

time: Sat Jun 15 14:41:22 2019
elapsed time: 7836 seconds (0d 2h 10m 36s)

